0 info it worked if it ends with ok
1 verbose cli [ 'C:\\Program Files\\nodejs\\\\node.exe',
1 verbose cli   'C:\\Program Files\\nodejs\\node_modules\\npm\\bin\\npm-cli.js',
1 verbose cli   'install',
1 verbose cli   'cookie-parserl',
1 verbose cli   '--save' ]
2 info using npm@1.4.28
3 info using node@v0.10.33
4 verbose node symlink C:\Program Files\nodejs\\node.exe
5 warn package.json Library@0.0.1 No repository field.
6 verbose readDependencies using package.json deps
7 verbose cache add [ 'cookie-parserl', null ]
8 verbose cache add name=undefined spec="cookie-parserl" args=["cookie-parserl",null]
9 verbose parsed url { protocol: null,
9 verbose parsed url   slashes: null,
9 verbose parsed url   auth: null,
9 verbose parsed url   host: null,
9 verbose parsed url   port: null,
9 verbose parsed url   hostname: null,
9 verbose parsed url   hash: null,
9 verbose parsed url   search: null,
9 verbose parsed url   query: null,
9 verbose parsed url   pathname: 'cookie-parserl',
9 verbose parsed url   path: 'cookie-parserl',
9 verbose parsed url   href: 'cookie-parserl' }
10 silly lockFile ba907301-cookie-parserl cookie-parserl
11 verbose lock cookie-parserl C:\Users\Student\AppData\Roaming\npm-cache\ba907301-cookie-parserl.lock
12 silly lockFile ba907301-cookie-parserl cookie-parserl
13 silly lockFile ba907301-cookie-parserl cookie-parserl
14 verbose addNamed [ 'cookie-parserl', '' ]
15 verbose addNamed [ null, '*' ]
16 silly lockFile 21a0c7d1-cookie-parserl cookie-parserl@
17 verbose lock cookie-parserl@ C:\Users\Student\AppData\Roaming\npm-cache\21a0c7d1-cookie-parserl.lock
18 silly addNameRange { name: 'cookie-parserl', range: '*', hasData: false }
19 verbose request where is /cookie-parserl
20 verbose request registry https://registry.npmjs.org/
21 verbose request id 68cb9a8f7840f55a
22 verbose url raw /cookie-parserl
23 verbose url resolving [ 'https://registry.npmjs.org/', './cookie-parserl' ]
24 verbose url resolved https://registry.npmjs.org/cookie-parserl
25 verbose request where is https://registry.npmjs.org/cookie-parserl
26 info trying registry request attempt 1 at 11:41:48
27 http GET https://registry.npmjs.org/cookie-parserl
28 http 404 https://registry.npmjs.org/cookie-parserl
29 verbose headers { date: 'Fri, 06 Feb 2015 09:45:01 GMT',
29 verbose headers   server: 'CouchDB/1.5.0 (Erlang OTP/R16B03)',
29 verbose headers   'content-type': 'application/json',
29 verbose headers   'cache-control': 'max-age=0',
29 verbose headers   'content-length': '52',
29 verbose headers   'accept-ranges': 'bytes',
29 verbose headers   via: '1.1 varnish',
29 verbose headers   age: '0',
29 verbose headers   'x-served-by': 'cache-fra1221-FRA',
29 verbose headers   'x-cache': 'MISS',
29 verbose headers   'x-cache-hits': '0',
29 verbose headers   'x-timer': 'S1423215900.714428,VS0,VE734',
29 verbose headers   'keep-alive': 'timeout=10, max=50',
29 verbose headers   connection: 'Keep-Alive' }
30 silly registry.get cb [ 404,
30 silly registry.get   { date: 'Fri, 06 Feb 2015 09:45:01 GMT',
30 silly registry.get     server: 'CouchDB/1.5.0 (Erlang OTP/R16B03)',
30 silly registry.get     'content-type': 'application/json',
30 silly registry.get     'cache-control': 'max-age=0',
30 silly registry.get     'content-length': '52',
30 silly registry.get     'accept-ranges': 'bytes',
30 silly registry.get     via: '1.1 varnish',
30 silly registry.get     age: '0',
30 silly registry.get     'x-served-by': 'cache-fra1221-FRA',
30 silly registry.get     'x-cache': 'MISS',
30 silly registry.get     'x-cache-hits': '0',
30 silly registry.get     'x-timer': 'S1423215900.714428,VS0,VE734',
30 silly registry.get     'keep-alive': 'timeout=10, max=50',
30 silly registry.get     connection: 'Keep-Alive' } ]
31 silly lockFile 21a0c7d1-cookie-parserl cookie-parserl@
32 silly lockFile 21a0c7d1-cookie-parserl cookie-parserl@
33 error 404 404 Not Found: cookie-parserl
33 error 404
33 error 404 'cookie-parserl' is not in the npm registry.
33 error 404 You should bug the author to publish it
33 error 404 It was specified as a dependency of 'Library'
33 error 404
33 error 404 Note that you can also install from a
33 error 404 tarball, folder, or http url, or git url.
34 error System Windows_NT 6.1.7601
35 error command "C:\\Program Files\\nodejs\\\\node.exe" "C:\\Program Files\\nodejs\\node_modules\\npm\\bin\\npm-cli.js" "install" "cookie-parserl" "--save"
36 error cwd C:\Users\Student\Desktop\MEAN\asddsasdasdasdsa-f6922a1a663610ed726368a0eb431a9cacaa11d5
37 error node -v v0.10.33
38 error npm -v 1.4.28
39 error code E404
40 verbose exit [ 1, true ]
